<?xml version="1.0" encoding="UTF-8"?>
<!-- Generated by org.testng.reporters.JUnitReportReporter -->
<testsuite hostname="Rahul" failures="0" tests="1" name="TestRunner.Run" time="31.306" errors="0" timestamp="2024-09-30T00:13:20 IST" skipped="0">
  <testcase classname="TestRunner.Run" name="runScenario" time="31.306"/>
</testsuite> <!-- TestRunner.Run -->
